
Tue Nov 24 09:40:44 2015

Current working path: D:\Lasersystem_E2\LPathC
Current data file: Cor_auto5R.dat
[INPUT] = CorR
[OUTPUT] = CorR
InFile Calibration: 0 ignored
[RTC4] = 0
[CALIBRATION] = 800
[GRIDNUMBERS]  = 5  5; grid X, grid Y; points: 11 per line, 11 per column, total 121
Polynomial fitting used for calculation
[OUTPUT]: CorR written successfully
[CALIBRATION] = 800 ;final
[Limit(Bits)] = 524288 +/- [Bits]
[Limit(mm)]   = 655.36 +/- [mm]

[OffsetX] = -62 [Bits]
[OffsetY] = -15 [Bits]
[AUTO_FIT] = 1
[FITORDER] = 10 ;adjusted automatically
[TOLERANCE] = 0.01
[Deviation] = 0.05582
correXion5.exe terminated

Tue Nov 24 09:44:40 2015

Current working path: D:\Lasersystem_E2\LPathC
Current data file: Cor_auto5R.dat
[INPUT] = CorR
[OUTPUT] = CorR
InFile Calibration: 800 ignored
[RTC4] = 0
[CALIBRATION] = 800
[GRIDNUMBERS]  = 5  5; grid X, grid Y; points: 11 per line, 11 per column, total 121
Polynomial fitting used for calculation
[OUTPUT]: CorR written successfully
[CALIBRATION] = 800 ;final
[Limit(Bits)] = 524288 +/- [Bits]
[Limit(mm)]   = 655.36 +/- [mm]

[OffsetX] = -37 [Bits]
[OffsetY] = -22 [Bits]
[AUTO_FIT] = 1
[FITORDER] = 10 ;adjusted automatically
[TOLERANCE] = 0.01
[Deviation] = 0.0531187
correXion5.exe terminated

Tue Nov 24 10:29:20 2015

Current working path: D:\Lasersystem_E2\LPathC
Current data file: Cor_auto5R.dat
[INPUT] = CorR
[OUTPUT] = CorR
InFile Calibration: 800 ignored
[RTC4] = 0
[CALIBRATION] = 800
[GRIDNUMBERS]  = 5  5; grid X, grid Y; points: 11 per line, 11 per column, total 121
Polynomial fitting used for calculation
[OUTPUT]: CorR written successfully
[CALIBRATION] = 800 ;final
[Limit(Bits)] = 524288 +/- [Bits]
[Limit(mm)]   = 655.36 +/- [mm]

[OffsetX] = -56 [Bits]
[OffsetY] = -26 [Bits]
[AUTO_FIT] = 1
[FITORDER] = 10 ;adjusted automatically
[TOLERANCE] = 0.01
[Deviation] = 0.050222
correXion5.exe terminated

Tue Nov 24 10:30:22 2015

Current working path: D:\Lasersystem_E2\LPathC
Current data file: Cor_auto5R.dat
[INPUT] = CorR
[OUTPUT] = CorR
InFile Calibration: 800 ignored
[RTC4] = 0
[CALIBRATION] = 800
[GRIDNUMBERS]  = 5  5; grid X, grid Y; points: 11 per line, 11 per column, total 121
Polynomial fitting used for calculation
[OUTPUT]: CorR written successfully
[CALIBRATION] = 800 ;final
[Limit(Bits)] = 524288 +/- [Bits]
[Limit(mm)]   = 655.36 +/- [mm]

[OffsetX] = -61 [Bits]
[OffsetY] = -20 [Bits]
[AUTO_FIT] = 1
[FITORDER] = 10 ;adjusted automatically
[TOLERANCE] = 0.01
[Deviation] = 0.0497154
correXion5.exe terminated

Tue Nov 24 10:31:24 2015

Current working path: D:\Lasersystem_E2\LPathC
Current data file: Cor_auto5R.dat
[INPUT] = CorR
[OUTPUT] = CorR
InFile Calibration: 800 ignored
[RTC4] = 0
[CALIBRATION] = 800
[GRIDNUMBERS]  = 5  5; grid X, grid Y; points: 11 per line, 11 per column, total 121
Polynomial fitting used for calculation
[OUTPUT]: CorR written successfully
[CALIBRATION] = 800 ;final
[Limit(Bits)] = 524288 +/- [Bits]
[Limit(mm)]   = 655.36 +/- [mm]

[OffsetX] = -57 [Bits]
[OffsetY] = -30 [Bits]
[AUTO_FIT] = 1
[FITORDER] = 10 ;adjusted automatically
[TOLERANCE] = 0.01
[Deviation] = 0.0541671
correXion5.exe terminated

Tue Nov 24 10:32:25 2015

Current working path: D:\Lasersystem_E2\LPathC
Current data file: Cor_auto5R.dat
[INPUT] = CorR
[OUTPUT] = CorR
InFile Calibration: 800 ignored
[RTC4] = 0
[CALIBRATION] = 800
[GRIDNUMBERS]  = 5  5; grid X, grid Y; points: 11 per line, 11 per column, total 121
Polynomial fitting used for calculation
[OUTPUT]: CorR written successfully
[CALIBRATION] = 800 ;final
[Limit(Bits)] = 524288 +/- [Bits]
[Limit(mm)]   = 655.36 +/- [mm]

[OffsetX] = -54 [Bits]
[OffsetY] = -20 [Bits]
[AUTO_FIT] = 1
[FITORDER] = 10 ;adjusted automatically
[TOLERANCE] = 0.01
[Deviation] = 0.0507099
correXion5.exe terminated

Tue Nov 24 14:38:02 2015

Current working path: D:\Lasersystem_E2\LPathC
Current data file: Cor_auto5R.dat
[INPUT] = CorR
[OUTPUT] = CorR
InFile Calibration: 800 ignored
[RTC4] = 0
[CALIBRATION] = 800
[GRIDNUMBERS]  = 5  5; grid X, grid Y; points: 11 per line, 11 per column, total 121
Polynomial fitting used for calculation
[OUTPUT]: CorR written successfully
[CALIBRATION] = 800 ;final
[Limit(Bits)] = 524288 +/- [Bits]
[Limit(mm)]   = 655.36 +/- [mm]

[OffsetX] = -44 [Bits]
[OffsetY] = -43 [Bits]
[AUTO_FIT] = 1
[FITORDER] = 10 ;adjusted automatically
[TOLERANCE] = 0.01
[Deviation] = 0.0505424
correXion5.exe terminated

Wed Nov 25 09:41:45 2015

Current working path: D:\Lasersystem_E2\LPathC
Current data file: Cor_auto5R.dat
[INPUT] = CorR
[OUTPUT] = CorR
InFile Calibration: 800 ignored
[RTC4] = 0
[CALIBRATION] = 800
[GRIDNUMBERS]  = 5  5; grid X, grid Y; points: 11 per line, 11 per column, total 121
Polynomial fitting used for calculation
[OUTPUT]: CorR written successfully
[CALIBRATION] = 800 ;final
[Limit(Bits)] = 524288 +/- [Bits]
[Limit(mm)]   = 655.36 +/- [mm]

[OffsetX] = -22 [Bits]
[OffsetY] = -40 [Bits]
[AUTO_FIT] = 1
[FITORDER] = 10 ;adjusted automatically
[TOLERANCE] = 0.01
[Deviation] = 0.0438904
correXion5.exe terminated

Wed Nov 25 16:09:23 2015

Current working path: D:\Lasersystem_E2\LPathC
Current data file: Cor_auto5R.dat
[INPUT] = CorR
[OUTPUT] = CorR
InFile Calibration: 800 ignored
[RTC4] = 0
[CALIBRATION] = 800
[GRIDNUMBERS]  = 5  5; grid X, grid Y; points: 11 per line, 11 per column, total 121
Polynomial fitting used for calculation
[OUTPUT]: CorR written successfully
[CALIBRATION] = 800 ;final
[Limit(Bits)] = 524288 +/- [Bits]
[Limit(mm)]   = 655.36 +/- [mm]

[OffsetX] = -23 [Bits]
[OffsetY] = -21 [Bits]
[AUTO_FIT] = 1
[FITORDER] = 10 ;adjusted automatically
[TOLERANCE] = 0.01
[Deviation] = 0.0595595
correXion5.exe terminated

Wed Nov 25 16:10:31 2015

Current working path: D:\Lasersystem_E2\LPathC
Current data file: Cor_auto5R.dat
[INPUT] = CorR
[OUTPUT] = CorR
InFile Calibration: 800 ignored
[RTC4] = 0
[CALIBRATION] = 800
[GRIDNUMBERS]  = 5  5; grid X, grid Y; points: 11 per line, 11 per column, total 121
Polynomial fitting used for calculation
[OUTPUT]: CorR written successfully
[CALIBRATION] = 800 ;final
[Limit(Bits)] = 524288 +/- [Bits]
[Limit(mm)]   = 655.36 +/- [mm]

[OffsetX] = -30 [Bits]
[OffsetY] = -27 [Bits]
[AUTO_FIT] = 1
[FITORDER] = 10 ;adjusted automatically
[TOLERANCE] = 0.01
[Deviation] = 0.0538878
correXion5.exe terminated

Thu Nov 26 16:30:37 2015

Current working path: D:\Lasersystem_E2\LPathC
Current data file: Cor_auto5R.dat
[INPUT] = CorR
[OUTPUT] = CorR
InFile Calibration: 800 ignored
[RTC4] = 0
[CALIBRATION] = 800
[GRIDNUMBERS]  = 5  5; grid X, grid Y; points: 11 per line, 11 per column, total 121
Polynomial fitting used for calculation
[OUTPUT]: CorR written successfully
[CALIBRATION] = 800 ;final
[Limit(Bits)] = 524288 +/- [Bits]
[Limit(mm)]   = 655.36 +/- [mm]

[OffsetX] = -52 [Bits]
[OffsetY] = 2 [Bits]
[AUTO_FIT] = 1
[FITORDER] = 10 ;adjusted automatically
[TOLERANCE] = 0.01
[Deviation] = 0.0537553
correXion5.exe terminated

Thu Nov 26 16:31:35 2015

Current working path: D:\Lasersystem_E2\LPathC
Current data file: Cor_auto5R.dat
[INPUT] = CorR
[OUTPUT] = CorR
InFile Calibration: 800 ignored
[RTC4] = 0
[CALIBRATION] = 800
[GRIDNUMBERS]  = 5  5; grid X, grid Y; points: 11 per line, 11 per column, total 121
Polynomial fitting used for calculation
[OUTPUT]: CorR written successfully
[CALIBRATION] = 800 ;final
[Limit(Bits)] = 524288 +/- [Bits]
[Limit(mm)]   = 655.36 +/- [mm]

[OffsetX] = -44 [Bits]
[OffsetY] = -3 [Bits]
[AUTO_FIT] = 1
[FITORDER] = 10 ;adjusted automatically
[TOLERANCE] = 0.01
[Deviation] = 0.0502543
correXion5.exe terminated

Tue Dec 08 10:54:15 2015

Current working path: D:\Lasersystem_E2\LPathC
Current data file: Cor_auto5R.dat
[INPUT] = CorR
[OUTPUT] = CorR
InFile Calibration: 800 ignored
[RTC4] = 0
[CALIBRATION] = 800
[GRIDNUMBERS]  = 5  5; grid X, grid Y; points: 11 per line, 11 per column, total 121
Polynomial fitting used for calculation
[OUTPUT]: CorR written successfully
[CALIBRATION] = 800 ;final
[Limit(Bits)] = 524288 +/- [Bits]
[Limit(mm)]   = 655.36 +/- [mm]

[OffsetX] = -58 [Bits]
[OffsetY] = -34 [Bits]
[AUTO_FIT] = 1
[FITORDER] = 10 ;adjusted automatically
[TOLERANCE] = 0.01
[Deviation] = 0.0626329
correXion5.exe terminated

Tue Dec 08 10:55:24 2015

Current working path: D:\Lasersystem_E2\LPathC
Current data file: Cor_auto5R.dat
[INPUT] = CorR
[OUTPUT] = CorR
InFile Calibration: 800 ignored
[RTC4] = 0
[CALIBRATION] = 800
[GRIDNUMBERS]  = 5  5; grid X, grid Y; points: 11 per line, 11 per column, total 121
Polynomial fitting used for calculation
[OUTPUT]: CorR written successfully
[CALIBRATION] = 800 ;final
[Limit(Bits)] = 524288 +/- [Bits]
[Limit(mm)]   = 655.36 +/- [mm]

[OffsetX] = -50 [Bits]
[OffsetY] = -28 [Bits]
[AUTO_FIT] = 1
[FITORDER] = 10 ;adjusted automatically
[TOLERANCE] = 0.01
[Deviation] = 0.0498254
correXion5.exe terminated

Tue Dec 08 10:56:32 2015

Current working path: D:\Lasersystem_E2\LPathC
Current data file: Cor_auto5R.dat
[INPUT] = CorR
[OUTPUT] = CorR
InFile Calibration: 800 ignored
[RTC4] = 0
[CALIBRATION] = 800
[GRIDNUMBERS]  = 5  5; grid X, grid Y; points: 11 per line, 11 per column, total 121
Polynomial fitting used for calculation
[OUTPUT]: CorR written successfully
[CALIBRATION] = 800 ;final
[Limit(Bits)] = 524288 +/- [Bits]
[Limit(mm)]   = 655.36 +/- [mm]

[OffsetX] = -46 [Bits]
[OffsetY] = -16 [Bits]
[AUTO_FIT] = 1
[FITORDER] = 10 ;adjusted automatically
[TOLERANCE] = 0.01
[Deviation] = 0.0571107
correXion5.exe terminated

Tue Dec 08 11:15:52 2015

Current working path: D:\Lasersystem_E2\LPathC
Current data file: Cor_auto5R.dat
[INPUT] = CorR
[OUTPUT] = CorR
InFile Calibration: 800 ignored
[RTC4] = 0
[CALIBRATION] = 800
[GRIDNUMBERS]  = 5  5; grid X, grid Y; points: 11 per line, 11 per column, total 121
Polynomial fitting used for calculation
[OUTPUT]: CorR written successfully
[CALIBRATION] = 800 ;final
[Limit(Bits)] = 524288 +/- [Bits]
[Limit(mm)]   = 655.36 +/- [mm]

[OffsetX] = -77 [Bits]
[OffsetY] = -21 [Bits]
[AUTO_FIT] = 1
[FITORDER] = 10 ;adjusted automatically
[TOLERANCE] = 0.01
[Deviation] = 0.0473484
correXion5.exe terminated

Tue Dec 08 11:17:00 2015

Current working path: D:\Lasersystem_E2\LPathC
Current data file: Cor_auto5R.dat
[INPUT] = CorR
[OUTPUT] = CorR
InFile Calibration: 800 ignored
[RTC4] = 0
[CALIBRATION] = 800
[GRIDNUMBERS]  = 5  5; grid X, grid Y; points: 11 per line, 11 per column, total 121
Polynomial fitting used for calculation
[OUTPUT]: CorR written successfully
[CALIBRATION] = 800 ;final
[Limit(Bits)] = 524288 +/- [Bits]
[Limit(mm)]   = 655.36 +/- [mm]

[OffsetX] = -77 [Bits]
[OffsetY] = -24 [Bits]
[AUTO_FIT] = 1
[FITORDER] = 10 ;adjusted automatically
[TOLERANCE] = 0.01
[Deviation] = 0.0426752
correXion5.exe terminated

Tue Dec 08 11:18:08 2015

Current working path: D:\Lasersystem_E2\LPathC
Current data file: Cor_auto5R.dat
[INPUT] = CorR
[OUTPUT] = CorR
InFile Calibration: 800 ignored
[RTC4] = 0
[CALIBRATION] = 800
[GRIDNUMBERS]  = 5  5; grid X, grid Y; points: 11 per line, 11 per column, total 121
Polynomial fitting used for calculation
[OUTPUT]: CorR written successfully
[CALIBRATION] = 800 ;final
[Limit(Bits)] = 524288 +/- [Bits]
[Limit(mm)]   = 655.36 +/- [mm]

[OffsetX] = -61 [Bits]
[OffsetY] = -13 [Bits]
[AUTO_FIT] = 1
[FITORDER] = 10 ;adjusted automatically
[TOLERANCE] = 0.01
[Deviation] = 0.0449509
correXion5.exe terminated

Tue Dec 08 11:19:12 2015

Current working path: D:\Lasersystem_E2\LPathC
Current data file: Cor_auto5R.dat
[INPUT] = CorR
[OUTPUT] = CorR
InFile Calibration: 800 ignored
[RTC4] = 0
[CALIBRATION] = 800
[GRIDNUMBERS]  = 5  5; grid X, grid Y; points: 11 per line, 11 per column, total 121
Polynomial fitting used for calculation
[OUTPUT]: CorR written successfully
[CALIBRATION] = 800 ;final
[Limit(Bits)] = 524288 +/- [Bits]
[Limit(mm)]   = 655.36 +/- [mm]

[OffsetX] = -65 [Bits]
[OffsetY] = -15 [Bits]
[AUTO_FIT] = 1
[FITORDER] = 10 ;adjusted automatically
[TOLERANCE] = 0.01
[Deviation] = 0.0416461
correXion5.exe terminated

Wed Dec 09 15:23:08 2015

Current working path: D:\Lasersystem_E2\LPathC
Current data file: Cor_auto5R.dat
[INPUT] = CorR
[OUTPUT] = CorR
InFile Calibration: 800 ignored
[RTC4] = 0
[CALIBRATION] = 800
[GRIDNUMBERS]  = 5  5; grid X, grid Y; points: 11 per line, 11 per column, total 121
Polynomial fitting used for calculation
[OUTPUT]: CorR written successfully
[CALIBRATION] = 800 ;final
[Limit(Bits)] = 524288 +/- [Bits]
[Limit(mm)]   = 655.36 +/- [mm]

[OffsetX] = -34 [Bits]
[OffsetY] = -29 [Bits]
[AUTO_FIT] = 1
[FITORDER] = 10 ;adjusted automatically
[TOLERANCE] = 0.01
[Deviation] = 0.0619079
correXion5.exe terminated

Tue Dec 22 15:53:16 2015

Current working path: D:\Lasersystem_E2\LPathC
Current data file: Cor_auto5R.dat
[INPUT] = CorR
[OUTPUT] = CorR
InFile Calibration: 800 ignored
[RTC4] = 0
[CALIBRATION] = 800
[GRIDNUMBERS]  = 5  5; grid X, grid Y; points: 11 per line, 11 per column, total 121
Polynomial fitting used for calculation
[OUTPUT]: CorR written successfully
[CALIBRATION] = 800 ;final
[Limit(Bits)] = 524288 +/- [Bits]
[Limit(mm)]   = 655.36 +/- [mm]

[OffsetX] = -38 [Bits]
[OffsetY] = 3 [Bits]
[AUTO_FIT] = 1
[FITORDER] = 10 ;adjusted automatically
[TOLERANCE] = 0.01
[Deviation] = 0.0540335
correXion5.exe terminated

Thu Aug 31 17:36:44 2017

Current working path: E:\Lasersystem_mo_20170830\LPathC
Current data file: Cor_auto5R.dat
[INPUT] = CorR
[OUTPUT] = CorR
InFile Calibration: 800 ignored
[RTC4] = 0
[CALIBRATION] = 800
[GRIDNUMBERS]  = 5  5; grid X, grid Y; points: 11 per line, 11 per column, total 121
Polynomial fitting used for calculation
[OUTPUT]: CorR written successfully
[CALIBRATION] = 800 ;final
[Limit(Bits)] = 524288 +/- [Bits]
[Limit(mm)]   = 655.36 +/- [mm]

[OffsetX] = -60 [Bits]
[OffsetY] = -103 [Bits]
[AUTO_FIT] = 1
[FITORDER] = 10 ;adjusted automatically
[TOLERANCE] = 0.01
[Deviation] = 0.245577
correXion5.exe terminated

Thu Aug 31 17:37:48 2017

Current working path: E:\Lasersystem_mo_20170830\LPathC
Current data file: Cor_auto5R.dat
[INPUT] = CorR
[OUTPUT] = CorR
InFile Calibration: 800 ignored
[RTC4] = 0
[CALIBRATION] = 800
[GRIDNUMBERS]  = 5  5; grid X, grid Y; points: 11 per line, 11 per column, total 121
Polynomial fitting used for calculation
[OUTPUT]: CorR written successfully
[CALIBRATION] = 800 ;final
[Limit(Bits)] = 524288 +/- [Bits]
[Limit(mm)]   = 655.36 +/- [mm]

[OffsetX] = -62 [Bits]
[OffsetY] = -119 [Bits]
[AUTO_FIT] = 1
[FITORDER] = 10 ;adjusted automatically
[TOLERANCE] = 0.01
[Deviation] = 0.0465962
correXion5.exe terminated

Thu Aug 31 17:39:04 2017

Current working path: E:\Lasersystem_mo_20170830\LPathC
Current data file: Cor_auto5R.dat
[INPUT] = CorR
[OUTPUT] = CorR
InFile Calibration: 800 ignored
[RTC4] = 0
[CALIBRATION] = 800
[GRIDNUMBERS]  = 5  5; grid X, grid Y; points: 11 per line, 11 per column, total 121
Polynomial fitting used for calculation
[OUTPUT]: CorR written successfully
[CALIBRATION] = 800 ;final
[Limit(Bits)] = 524288 +/- [Bits]
[Limit(mm)]   = 655.36 +/- [mm]

[OffsetX] = -41 [Bits]
[OffsetY] = -131 [Bits]
[AUTO_FIT] = 1
[FITORDER] = 10 ;adjusted automatically
[TOLERANCE] = 0.01
[Deviation] = 0.045742
correXion5.exe terminated

Thu Aug 31 17:40:08 2017

Current working path: E:\Lasersystem_mo_20170830\LPathC
Current data file: Cor_auto5R.dat
[INPUT] = CorR
[OUTPUT] = CorR
InFile Calibration: 800 ignored
[RTC4] = 0
[CALIBRATION] = 800
[GRIDNUMBERS]  = 5  5; grid X, grid Y; points: 11 per line, 11 per column, total 121
Polynomial fitting used for calculation
[OUTPUT]: CorR written successfully
[CALIBRATION] = 800 ;final
[Limit(Bits)] = 524288 +/- [Bits]
[Limit(mm)]   = 655.36 +/- [mm]

[OffsetX] = -44 [Bits]
[OffsetY] = -140 [Bits]
[AUTO_FIT] = 1
[FITORDER] = 10 ;adjusted automatically
[TOLERANCE] = 0.01
[Deviation] = 0.0728121
correXion5.exe terminated

Fri Sep 01 11:46:25 2017

Current working path: E:\Lasersystem_mo_20170831\LPathC
Current data file: Cor_auto5R.dat
[INPUT] = CorR
[OUTPUT] = CorR
InFile Calibration: 800 ignored
[RTC4] = 0
[CALIBRATION] = 800
[GRIDNUMBERS]  = 5  5; grid X, grid Y; points: 11 per line, 11 per column, total 121
Polynomial fitting used for calculation
[OUTPUT]: CorR written successfully
[CALIBRATION] = 800 ;final
[Limit(Bits)] = 524288 +/- [Bits]
[Limit(mm)]   = 655.36 +/- [mm]

[OffsetX] = -40 [Bits]
[OffsetY] = -113 [Bits]
[AUTO_FIT] = 1
[FITORDER] = 10 ;adjusted automatically
[TOLERANCE] = 0.01
[Deviation] = 0.0434813
correXion5.exe terminated

Fri Sep 01 11:47:24 2017

Current working path: E:\Lasersystem_mo_20170831\LPathC
Current data file: Cor_auto5R.dat
[INPUT] = CorR
[OUTPUT] = CorR
InFile Calibration: 800 ignored
[RTC4] = 0
[CALIBRATION] = 800
[GRIDNUMBERS]  = 5  5; grid X, grid Y; points: 11 per line, 11 per column, total 121
Polynomial fitting used for calculation
[OUTPUT]: CorR written successfully
[CALIBRATION] = 800 ;final
[Limit(Bits)] = 524288 +/- [Bits]
[Limit(mm)]   = 655.36 +/- [mm]

[OffsetX] = -44 [Bits]
[OffsetY] = -114 [Bits]
[AUTO_FIT] = 1
[FITORDER] = 10 ;adjusted automatically
[TOLERANCE] = 0.01
[Deviation] = 0.0632607
correXion5.exe terminated

Fri Sep 01 11:48:24 2017

Current working path: E:\Lasersystem_mo_20170831\LPathC
Current data file: Cor_auto5R.dat
[INPUT] = CorR
[OUTPUT] = CorR
InFile Calibration: 800 ignored
[RTC4] = 0
[CALIBRATION] = 800
[GRIDNUMBERS]  = 5  5; grid X, grid Y; points: 11 per line, 11 per column, total 121
Polynomial fitting used for calculation
[OUTPUT]: CorR written successfully
[CALIBRATION] = 800 ;final
[Limit(Bits)] = 524288 +/- [Bits]
[Limit(mm)]   = 655.36 +/- [mm]

[OffsetX] = -40 [Bits]
[OffsetY] = -109 [Bits]
[AUTO_FIT] = 1
[FITORDER] = 10 ;adjusted automatically
[TOLERANCE] = 0.01
[Deviation] = 0.124714
correXion5.exe terminated

Fri Sep 01 11:49:24 2017

Current working path: E:\Lasersystem_mo_20170831\LPathC
Current data file: Cor_auto5R.dat
[INPUT] = CorR
[OUTPUT] = CorR
InFile Calibration: 800 ignored
[RTC4] = 0
[CALIBRATION] = 800
[GRIDNUMBERS]  = 5  5; grid X, grid Y; points: 11 per line, 11 per column, total 121
Polynomial fitting used for calculation
[OUTPUT]: CorR written successfully
[CALIBRATION] = 800 ;final
[Limit(Bits)] = 524288 +/- [Bits]
[Limit(mm)]   = 655.36 +/- [mm]

[OffsetX] = -39 [Bits]
[OffsetY] = -133 [Bits]
[AUTO_FIT] = 1
[FITORDER] = 10 ;adjusted automatically
[TOLERANCE] = 0.01
[Deviation] = 0.0576959
correXion5.exe terminated

Fri Sep 01 14:16:27 2017

Current working path: E:\Lasersystem_mo_20170831\LPathC
Current data file: Cor_auto5R.dat
[INPUT] = CorR
[OUTPUT] = CorR
InFile Calibration: 800 ignored
[RTC4] = 0
[CALIBRATION] = 800
[GRIDNUMBERS]  = 5  5; grid X, grid Y; points: 11 per line, 11 per column, total 121
Polynomial fitting used for calculation
[OUTPUT]: CorR written successfully
[CALIBRATION] = 800 ;final
[Limit(Bits)] = 524288 +/- [Bits]
[Limit(mm)]   = 655.36 +/- [mm]

[OffsetX] = -11 [Bits]
[OffsetY] = -133 [Bits]
[AUTO_FIT] = 1
[FITORDER] = 10 ;adjusted automatically
[TOLERANCE] = 0.01
[Deviation] = 0.0662216
correXion5.exe terminated

Fri Sep 01 14:17:57 2017

Current working path: E:\Lasersystem_mo_20170831\LPathC
Current data file: Cor_auto5R.dat
[INPUT] = CorR
[OUTPUT] = CorR
InFile Calibration: 800 ignored
[RTC4] = 0
[CALIBRATION] = 800
[GRIDNUMBERS]  = 5  5; grid X, grid Y; points: 11 per line, 11 per column, total 121
Polynomial fitting used for calculation
[OUTPUT]: CorR written successfully
[CALIBRATION] = 800 ;final
[Limit(Bits)] = 524288 +/- [Bits]
[Limit(mm)]   = 655.36 +/- [mm]

[OffsetX] = -13 [Bits]
[OffsetY] = -127 [Bits]
[AUTO_FIT] = 1
[FITORDER] = 10 ;adjusted automatically
[TOLERANCE] = 0.01
[Deviation] = 0.0448367
correXion5.exe terminated

Fri Sep 01 14:19:28 2017

Current working path: E:\Lasersystem_mo_20170831\LPathC
Current data file: Cor_auto5R.dat
[INPUT] = CorR
[OUTPUT] = CorR
InFile Calibration: 800 ignored
[RTC4] = 0
[CALIBRATION] = 800
[GRIDNUMBERS]  = 5  5; grid X, grid Y; points: 11 per line, 11 per column, total 121
Polynomial fitting used for calculation
[OUTPUT]: CorR written successfully
[CALIBRATION] = 800 ;final
[Limit(Bits)] = 524288 +/- [Bits]
[Limit(mm)]   = 655.36 +/- [mm]

[OffsetX] = -15 [Bits]
[OffsetY] = -135 [Bits]
[AUTO_FIT] = 1
[FITORDER] = 10 ;adjusted automatically
[TOLERANCE] = 0.01
[Deviation] = 0.0476037
correXion5.exe terminated

Fri Sep 01 16:08:31 2017

Current working path: E:\Lasersystem_mo_20170831\LPathC
Current data file: Cor_auto5R.dat
[INPUT] = CorR
[OUTPUT] = CorR
InFile Calibration: 800 ignored
[RTC4] = 0
[CALIBRATION] = 800
[GRIDNUMBERS]  = 5  5; grid X, grid Y; points: 11 per line, 11 per column, total 121
Polynomial fitting used for calculation
[OUTPUT]: CorR written successfully
[CALIBRATION] = 800 ;final
[Limit(Bits)] = 524288 +/- [Bits]
[Limit(mm)]   = 655.36 +/- [mm]

[OffsetX] = -21 [Bits]
[OffsetY] = -138 [Bits]
[AUTO_FIT] = 1
[FITORDER] = 10 ;adjusted automatically
[TOLERANCE] = 0.01
[Deviation] = 0.0659747
correXion5.exe terminated

Fri Sep 01 16:10:20 2017

Current working path: E:\Lasersystem_mo_20170831\LPathC
Current data file: Cor_auto5R.dat
[INPUT] = CorR
[OUTPUT] = CorR
InFile Calibration: 800 ignored
[RTC4] = 0
[CALIBRATION] = 800
[GRIDNUMBERS]  = 5  5; grid X, grid Y; points: 11 per line, 11 per column, total 121
Polynomial fitting used for calculation
[OUTPUT]: CorR written successfully
[CALIBRATION] = 800 ;final
[Limit(Bits)] = 524288 +/- [Bits]
[Limit(mm)]   = 655.36 +/- [mm]

[OffsetX] = -17 [Bits]
[OffsetY] = -148 [Bits]
[AUTO_FIT] = 1
[FITORDER] = 10 ;adjusted automatically
[TOLERANCE] = 0.01
[Deviation] = 0.0541885
correXion5.exe terminated

Fri Sep 01 16:11:46 2017

Current working path: E:\Lasersystem_mo_20170831\LPathC
Current data file: Cor_auto5R.dat
[INPUT] = CorR
[OUTPUT] = CorR
InFile Calibration: 800 ignored
[RTC4] = 0
[CALIBRATION] = 800
[GRIDNUMBERS]  = 5  5; grid X, grid Y; points: 11 per line, 11 per column, total 121
Polynomial fitting used for calculation
[OUTPUT]: CorR written successfully
[CALIBRATION] = 800 ;final
[Limit(Bits)] = 524288 +/- [Bits]
[Limit(mm)]   = 655.36 +/- [mm]

[OffsetX] = -5 [Bits]
[OffsetY] = -124 [Bits]
[AUTO_FIT] = 1
[FITORDER] = 10 ;adjusted automatically
[TOLERANCE] = 0.01
[Deviation] = 0.0506736
correXion5.exe terminated

Fri Sep 01 16:13:11 2017

Current working path: E:\Lasersystem_mo_20170831\LPathC
Current data file: Cor_auto5R.dat
[INPUT] = CorR
[OUTPUT] = CorR
InFile Calibration: 800 ignored
[RTC4] = 0
[CALIBRATION] = 800
[GRIDNUMBERS]  = 5  5; grid X, grid Y; points: 11 per line, 11 per column, total 121
Polynomial fitting used for calculation
[OUTPUT]: CorR written successfully
[CALIBRATION] = 800 ;final
[Limit(Bits)] = 524288 +/- [Bits]
[Limit(mm)]   = 655.36 +/- [mm]

[OffsetX] = -4 [Bits]
[OffsetY] = -128 [Bits]
[AUTO_FIT] = 1
[FITORDER] = 10 ;adjusted automatically
[TOLERANCE] = 0.01
[Deviation] = 0.0542016
correXion5.exe terminated

Tue Nov 07 14:38:32 2017

Current working path: E:\Lasersystem_mo_20171103_RTC5_newDriver_t\LPathC
Current data file: Cor_auto5R.dat
[INPUT] = CorR
[OUTPUT] = CorR
InFile Calibration: 800 ignored
[RTC4] = 0
[CALIBRATION] = 800
[GRIDNUMBERS]  = 5  5; grid X, grid Y; points: 11 per line, 11 per column, total 121
Polynomial fitting used for calculation
[OUTPUT]: CorR written successfully
[CALIBRATION] = 800 ;final
[Limit(Bits)] = 524288 +/- [Bits]
[Limit(mm)]   = 655.36 +/- [mm]

[OffsetX] = 13 [Bits]
[OffsetY] = -15 [Bits]
[AUTO_FIT] = 1
[FITORDER] = 10 ;adjusted automatically
[TOLERANCE] = 0.01
[Deviation] = 0.0518916
correXion5.exe terminated

Tue Nov 07 15:20:56 2017

Current working path: E:\Lasersystem_mo_20171103_RTC5_newDriver_t\LPathC
Current data file: Cor_auto5R.dat
[INPUT] = CorR
[OUTPUT] = CorR
InFile Calibration: 800 ignored
[RTC4] = 0
[CALIBRATION] = 800
[GRIDNUMBERS]  = 5  5; grid X, grid Y; points: 11 per line, 11 per column, total 121
Polynomial fitting used for calculation
[OUTPUT]: CorR written successfully
[CALIBRATION] = 800 ;final
[Limit(Bits)] = 524288 +/- [Bits]
[Limit(mm)]   = 655.36 +/- [mm]

[OffsetX] = -6 [Bits]
[OffsetY] = -19 [Bits]
[AUTO_FIT] = 1
[FITORDER] = 10 ;adjusted automatically
[TOLERANCE] = 0.01
[Deviation] = 0.0402459
correXion5.exe terminated

Wed Nov 08 19:09:24 2017

Current working path: E:\Lasersystem_mo_20171107_RTC5_newDriver\LPathC
Current data file: Cor_auto5R.dat
[INPUT] = CorR
[OUTPUT] = CorR
InFile Calibration: 695 ignored
[RTC4] = 0
[CALIBRATION] = 695
[GRIDNUMBERS]  = 5  5; grid X, grid Y; points: 11 per line, 11 per column, total 121
Polynomial fitting used for calculation
[OUTPUT]: CorR written successfully
[CALIBRATION] = 695 ;final
[Limit(Bits)] = 524288 +/- [Bits]
[Limit(mm)]   = 754.371 +/- [mm]

[OffsetX] = -15 [Bits]
[OffsetY] = 10 [Bits]
[AUTO_FIT] = 1
[FITORDER] = 10 ;adjusted automatically
[TOLERANCE] = 0.01
[Deviation] = 0.0605155
correXion5.exe terminated

Wed Nov 08 19:13:45 2017

Current working path: E:\Lasersystem_mo_20171107_RTC5_newDriver\LPathC
Current data file: Cor_auto5R.dat
[INPUT] = CorR
[OUTPUT] = CorR
InFile Calibration: 695 ignored
[RTC4] = 0
[CALIBRATION] = 695
[GRIDNUMBERS]  = 5  5; grid X, grid Y; points: 11 per line, 11 per column, total 121
Polynomial fitting used for calculation
[OUTPUT]: CorR written successfully
[CALIBRATION] = 695 ;final
[Limit(Bits)] = 524288 +/- [Bits]
[Limit(mm)]   = 754.371 +/- [mm]

[OffsetX] = -4 [Bits]
[OffsetY] = -12 [Bits]
[AUTO_FIT] = 1
[FITORDER] = 10 ;adjusted automatically
[TOLERANCE] = 0.01
[Deviation] = 0.0468003
correXion5.exe terminated
